<?xml version="1.0" encoding="UTF-8"?>
<testng-results skipped="0" failed="0" ignored="0" total="1" passed="1">
  <reporter-output>
  </reporter-output>
  <suite name="Default suite" duration-ms="17679" started-at="2022-07-04T20:25:13 IST" finished-at="2022-07-04T20:25:31 IST">
    <groups>
    </groups>
    <test name="Default test" duration-ms="17679" started-at="2022-07-04T20:25:13 IST" finished-at="2022-07-04T20:25:31 IST">
      <class name="test_script.Facebook_Login">
        <test-method status="PASS" signature="OpenApp()[pri:0, instance:test_script.Facebook_Login@51e2adc7]" name="OpenApp" is-config="true" duration-ms="10331" started-at="2022-07-04T20:25:14 IST" finished-at="2022-07-04T20:25:24 IST">
          <reporter-output>
          </reporter-output>
        </test-method> <!-- OpenApp -->
        <test-method status="PASS" signature="test1()[pri:0, instance:test_script.Facebook_Login@51e2adc7]" name="test1" duration-ms="4773" started-at="2022-07-04T20:25:24 IST" finished-at="2022-07-04T20:25:29 IST">
          <reporter-output>
          </reporter-output>
        </test-method> <!-- test1 -->
        <test-method status="PASS" signature="CloseApp()[pri:0, instance:test_script.Facebook_Login@51e2adc7]" name="CloseApp" is-config="true" duration-ms="2518" started-at="2022-07-04T20:25:29 IST" finished-at="2022-07-04T20:25:31 IST">
          <reporter-output>
          </reporter-output>
        </test-method> <!-- CloseApp -->
      </class> <!-- test_script.Facebook_Login -->
    </test> <!-- Default test -->
  </suite> <!-- Default suite -->
</testng-results>
